\BOOKMARK [1][-]{section.1}{PGP PPI Modules}{}% 1
\BOOKMARK [2][-]{subsection.1.1}{PGP PPI Top Level}{section.1}% 2
\BOOKMARK [3][-]{subsubsection.1.1.1}{Top Level Interfaces}{subsection.1.1}% 3
\BOOKMARK [3][-]{subsubsection.1.1.2}{Top Level Block Diagram}{subsection.1.1}% 4
\BOOKMARK [2][-]{subsection.1.2}{PPI Outbound Decoder}{section.1}% 5
\BOOKMARK [3][-]{subsubsection.1.2.1}{PPI Outbound Decoder Interfaces}{subsection.1.2}% 6
\BOOKMARK [3][-]{subsubsection.1.2.2}{PPI Outbound Decoder Block Diagram}{subsection.1.2}% 7
\BOOKMARK [3][-]{subsubsection.1.2.3}{PPI Outbound Frame Format}{subsection.1.2}% 8
\BOOKMARK [2][-]{subsection.1.3}{PPI Inbound Multiplexer}{section.1}% 9
\BOOKMARK [3][-]{subsubsection.1.3.1}{PPI Inbound Multiplexer Interfaces}{subsection.1.3}% 10
\BOOKMARK [3][-]{subsubsection.1.3.2}{PPI Inbound Multiplexer Block Diagram}{subsection.1.3}% 11
\BOOKMARK [3][-]{subsubsection.1.3.3}{PPI Inbound Frame Format}{subsection.1.3}% 12
\BOOKMARK [2][-]{subsection.1.4}{PPI PGP Lane Module}{section.1}% 13
\BOOKMARK [3][-]{subsubsection.1.4.1}{PPI PGP Lane Interfaces}{subsection.1.4}% 14
\BOOKMARK [3][-]{subsubsection.1.4.2}{PPI PGP Lane Block Diagram}{subsection.1.4}% 15
\BOOKMARK [3][-]{subsubsection.1.4.3}{Outbound FIFO Block}{subsection.1.4}% 16
\BOOKMARK [3][-]{subsubsection.1.4.4}{PPI Management Control}{subsection.1.4}% 17
\BOOKMARK [3][-]{subsubsection.1.4.5}{Outbound Control}{subsection.1.4}% 18
\BOOKMARK [3][-]{subsubsection.1.4.6}{PGP Module}{subsection.1.4}% 19
\BOOKMARK [3][-]{subsubsection.1.4.7}{Inbound Control}{subsection.1.4}% 20
\BOOKMARK [3][-]{subsubsection.1.4.8}{Inbound PPI FIFO}{subsection.1.4}% 21
\BOOKMARK [2][-]{subsection.1.5}{PPI Management Module}{section.1}% 22
\BOOKMARK [3][-]{subsubsection.1.5.1}{PPI Management Interfaces}{subsection.1.5}% 23
\BOOKMARK [3][-]{subsubsection.1.5.2}{PPI Management Block Diagram}{subsection.1.5}% 24
\BOOKMARK [3][-]{subsubsection.1.5.3}{PPI Management Frames}{subsection.1.5}% 25
\BOOKMARK [3][-]{subsubsection.1.5.4}{Local Register Bus}{subsection.1.5}% 26
