# Preference setting overrides
gui_create_pref_key -category {Globals} -key {load_detail_for_funcov} -value_type {bool} -value {false}
gui_create_pref_category -category {schem_obj_name}
gui_create_pref_key -category {schem_obj_name} -key {show_cell_and_pin_with_symbol_name} -value_type {bool} -value {false}
gui_create_pref_key -category {schem_pin_hc} -key {textExtFont} -value_type {string} -value {Helvetica,10,-1,5,50,0,0,0,0,0}

# State setting overrides
gui_state_default_create -off -ini
gui_set_state_value -category Globals -key open_memory_inside -value false
gui_set_state_value -category Globals -key recent_databases -value {{gui_open_db -file /afs/slac.stanford.edu/u/re/bklein/projects/microSD/chipscope/crc2.vcd -design V1} {gui_open_db -file /afs/slac.stanford.edu/u/re/bklein/projects/microSD/chipscope/crc2 -design V2} {gui_open_db -file /afs/slac.stanford.edu/u/re/bklein/projects/microSD/chipscope/works.vcd -design V1} {gui_open_db -file /afs/slac.stanford.edu/u/re/bklein/projects/microSD/chipscope/crc.vcd -design V2} {gui_open_db -file /afs/slac.stanford.edu/u/re/bklein/projects/microSD/chipscope/stuff.vcd -design V1}}
gui_set_state_value -category Globals -key recent_sessions -value {{gui_load_session -file /afs/slac.stanford.edu/u/re/bklein/projects/microSD/chipscope/session.latest.vcd.vpd.tcl} {gui_load_session -file /u1/bklein/microSD/session.inter.vpd.tcl -ignore_errors} {gui_load_session -file /u1/bklein/microSD/session.inter.vpd.tcl} {gui_load_session -file /u1/bklein/microSD/sim/session.inter.vpd.tcl} {gui_load_session -file /afs/slac.stanford.edu/u/re/bklein/evrDebug/session.ramDebut.vcd.vpd.tcl}}
gui_set_state_value -category Layout -key child_console_size_x -value 1900
gui_set_state_value -category Layout -key child_console_size_y -value 169
gui_set_state_value -category Layout -key child_data_coltype -value 448
gui_set_state_value -category Layout -key child_data_colvalue -value 415
gui_set_state_value -category Layout -key child_data_colvariable -value 709
gui_set_state_value -category Layout -key child_data_docknewline -value false
gui_set_state_value -category Layout -key child_data_dockstate -value undocked
gui_set_state_value -category Layout -key child_data_pos_x -value {-2}
gui_set_state_value -category Layout -key child_data_pos_y -value {-15}
gui_set_state_value -category Layout -key child_data_showstate -value maximized
gui_set_state_value -category Layout -key child_data_size_x -value 1580
gui_set_state_value -category Layout -key child_data_size_y -value 714
gui_set_state_value -category Layout -key child_driver_size_x -value 1623
gui_set_state_value -category Layout -key child_driver_size_y -value 179
gui_set_state_value -category Layout -key child_hier_colhier -value 281
gui_set_state_value -category Layout -key child_hier_coltype -value 58
gui_set_state_value -category Layout -key child_hier_size_x -value 324
gui_set_state_value -category Layout -key child_hier_size_y -value 719
gui_set_state_value -category Layout -key child_schematic_docknewline -value false
gui_set_state_value -category Layout -key child_schematic_pos_x -value {-2}
gui_set_state_value -category Layout -key child_schematic_pos_y -value {-15}
gui_set_state_value -category Layout -key child_schematic_size_x -value 1580
gui_set_state_value -category Layout -key child_schematic_size_y -value 706
gui_set_state_value -category Layout -key child_source_docknewline -value false
gui_set_state_value -category Layout -key child_source_pos_x -value {-2}
gui_set_state_value -category Layout -key child_source_pos_y -value {-15}
gui_set_state_value -category Layout -key child_source_size_x -value 1580
gui_set_state_value -category Layout -key child_source_size_y -value 714
gui_set_state_value -category Layout -key child_watch_size_x -value 832
gui_set_state_value -category Layout -key child_watch_size_y -value 105
gui_set_state_value -category Layout -key child_wave_colname -value 267
gui_set_state_value -category Layout -key child_wave_colvalue -value 267
gui_set_state_value -category Layout -key child_wave_docknewline -value false
gui_set_state_value -category Layout -key child_wave_left -value 538
gui_set_state_value -category Layout -key child_wave_pos_x -value {-2}
gui_set_state_value -category Layout -key child_wave_pos_y -value {-15}
gui_set_state_value -category Layout -key child_wave_right -value 1311
gui_set_state_value -category Layout -key child_wave_size_x -value 1235
gui_set_state_value -category Layout -key child_wave_size_y -value 661
gui_set_state_value -category Layout -key main_pos_x -value 23
gui_set_state_value -category Layout -key main_pos_y -value 43
gui_set_state_value -category Layout -key main_size_x -value 1923
gui_set_state_value -category Layout -key main_size_y -value 1030
gui_set_state_value -category Layout -key stand_wave_child_docknewline -value false
gui_set_state_value -category Layout -key stand_wave_child_pos_x -value {-2}
gui_set_state_value -category Layout -key stand_wave_child_pos_y -value {-15}
gui_set_state_value -category Layout -key stand_wave_child_size_x -value 1859
gui_set_state_value -category Layout -key stand_wave_child_size_y -value 831
gui_set_state_value -category Layout -key stand_wave_top_pos_x -value 36
gui_set_state_value -category Layout -key stand_wave_top_pos_y -value 96
gui_set_state_value -category Layout -key stand_wave_top_size_x -value 1890
gui_set_state_value -category Layout -key stand_wave_top_size_y -value 1031
gui_create_state_key -category FindDialog -key m_pMatchCase -value_type bool -value false
gui_create_state_key -category FindDialog -key m_pMatchWord -value_type bool -value false
gui_create_state_key -category FindDialog -key m_pUseCombo -value_type string -value {}
gui_create_state_key -category FindDialog -key m_pWrapAround -value_type bool -value true
gui_create_state_key -category Widget_History -key Find|m_pFindFrame|m_pFindCombo -value_type string -value {lock psen_in psen dll_mode_reg locked_out_tmp}
gui_create_state_key -category Widget_History -key SeekValueD|VBox1|HBox1|valueentry -value_type string -value {511 512 383 256 127}
gui_create_state_key -category Widget_History -key TopLevel.1|qt_left_dock|DockWnd1|HSPane.1|pages|Hier.1|hbox|textfilter -value_type string -value *tempFrame*
gui_create_state_key -category Widget_History -key TopLevel.1|qt_top_dock|&Edit|FindCombo -value_type string -value {lock psen_in psen dll_mode_reg locked_out_tmp}
gui_create_state_key -category Widget_History -key TopLevel.2|qt_top_dock|&Edit|FindCombo -value_type string -value {lock psen_in psen dll_mode_reg locked_out_tmp}
gui_create_state_key -category Widget_History -key TopLevel.3|qt_top_dock|&Edit|FindCombo -value_type string -value {dll_mode_reg locked_out_tmp locked glbl}
gui_create_state_key -category Widget_History -key {dlgSimSetup|m_setupTab|tab pages|SimTab|m_VPDCombo} -value_type string -value inter.vpd
gui_create_state_key -category Widget_History -key {dlgSimSetup|m_setupTab|tab pages|SimTab|m_argsCombo} -value_type string -value {+vcs+initreg+0 {-ucligui +vcs+initreg+0}}
gui_create_state_key -category Widget_History -key {dlgSimSetup|m_setupTab|tab pages|SimTab|m_curDirCombo} -value_type string -value /u1/bklein/microSD/sim
gui_create_state_key -category Widget_History -key {dlgSimSetup|m_setupTab|tab pages|SimTab|m_exeCombo} -value_type string -value {simv /u1/bklein/microSD/sim/simv}
gui_create_state_key -category SearchDialog -key MatchCase -value_type bool -value false
gui_create_state_key -category SearchDialog -key MatchWord -value_type bool -value true
gui_create_state_key -category SearchDialog -key SearchMode -value_type string -value Wildcards
gui_create_state_key -category SearchDialog -key UseCombo -value_type bool -value true
gui_state_default_create -off

# Begin command logging
#gui_exit

